Traceback (most recent call last):
  File "/home/Florian/anaconda3/lib/python3.8/site-packages/jupyter_cache/executors/utils.py", line 51, in single_nb_execution
    executenb(
  File "/home/Florian/anaconda3/lib/python3.8/site-packages/nbclient/client.py", line 1112, in execute
    return NotebookClient(nb=nb, resources=resources, km=km, **kwargs).execute()
  File "/home/Florian/anaconda3/lib/python3.8/site-packages/nbclient/util.py", line 74, in wrapped
    return just_run(coro(*args, **kwargs))
  File "/home/Florian/anaconda3/lib/python3.8/site-packages/nbclient/util.py", line 53, in just_run
    return loop.run_until_complete(coro)
  File "/home/Florian/anaconda3/lib/python3.8/asyncio/base_events.py", line 616, in run_until_complete
    return future.result()
  File "/home/Florian/anaconda3/lib/python3.8/site-packages/nbclient/client.py", line 553, in async_execute
    await self.async_execute_cell(
  File "/home/Florian/anaconda3/lib/python3.8/site-packages/nbclient/client.py", line 857, in async_execute_cell
    self._check_raise_for_error(cell, exec_reply)
  File "/home/Florian/anaconda3/lib/python3.8/site-packages/nbclient/client.py", line 760, in _check_raise_for_error
    raise CellExecutionError.from_cell_and_msg(cell, exec_reply_content)
nbclient.exceptions.CellExecutionError: An error occurred while executing the following cell:
------------------
def calcArea(Dlarge,Dsmall=Dlarge,stress=0.8):
    '''
    This function compute the surface and the mass to applied on the sample for the experiment
    :param Dlarge: largeur (unit millimeter)
    :type Dlarge: float
    '''

    r=Dlarge/2 #larger radius of the circle.
    h=Dsmall-r #smaller radius of the sample.
    f=Dlarge-Dsmall #deflection
    alpha=2*cmath.acos(h/r).real
    g=9.80665 #m.s^-2

    #print(alpha*360/(2*cmath.pi))
    #Determination of the area of the bot/top surface of the sample. (in mm²)
    Ac=cmath.pi*pow(r,2) #Area of a circle
    As=Ac*alpha/(2*cmath.pi) #Area of the circular sector alpha
    At=1/2*pow(r,2)*cmath.sin(alpha).real #Area of the isosceles triangle in the circle
    A1=As-At #Area of the segment circle

    Af=Ac-A1#Final area wanted

    Mth=(stress*Af-22.38)/(0.14)
    M2=(stress*Af-19.42)/(0.14)

    #print("Ac=",Ac, "As=",As,"At=",At,"A1=",A1)
    return Af,Mth
------------------

[0;31m---------------------------------------------------------------------------[0m
[0;31mNameError[0m                                 Traceback (most recent call last)
[0;32m<ipython-input-1-998b8e4bcc5d>[0m in [0;36m<module>[0;34m[0m
[0;32m----> 1[0;31m [0;32mdef[0m [0mcalcArea[0m[0;34m([0m[0mDlarge[0m[0;34m,[0m[0mDsmall[0m[0;34m=[0m[0mDlarge[0m[0;34m,[0m[0mstress[0m[0;34m=[0m[0;36m0.8[0m[0;34m)[0m[0;34m:[0m[0;34m[0m[0;34m[0m[0m
[0m[1;32m      2[0m     '''
[1;32m      3[0m     [0mThis[0m [0mfunction[0m [0mcompute[0m [0mthe[0m [0msurface[0m [0;32mand[0m [0mthe[0m [0mmass[0m [0mto[0m [0mapplied[0m [0mon[0m [0mthe[0m [0msample[0m [0;32mfor[0m [0mthe[0m [0mexperiment[0m[0;34m[0m[0;34m[0m[0m
[1;32m      4[0m     [0;34m:[0m[0mparam[0m [0mDlarge[0m[0;34m:[0m [0mlargeur[0m [0;34m([0m[0munit[0m [0mmillimeter[0m[0;34m)[0m[0;34m[0m[0;34m[0m[0m
[1;32m      5[0m     [0;34m:[0m[0mtype[0m [0mDlarge[0m[0;34m:[0m [0mfloat[0m[0;34m[0m[0;34m[0m[0m

[0;31mNameError[0m: name 'Dlarge' is not defined
NameError: name 'Dlarge' is not defined

